

Processing PagesController#index (for 127.0.0.1 at 2009-10-24 09:50:12) [GET]
Rendering pages/index
Completed in 43ms (View: 41, DB: 0) | 200 OK [http://localhost/]


Processing PagesController#index (for 127.0.0.1 at 2009-10-24 09:53:26) [GET]
Rendering pages/index
Completed in 168ms (View: 166, DB: 0) | 200 OK [http://localhost/]


Processing PagesController#remote (for 127.0.0.1 at 2009-10-24 09:54:00) [GET]
Rendering pages/remote
Completed in 6ms (View: 5, DB: 0) | 200 OK [http://localhost/pages/remote]


Processing PagesController#index (for 127.0.0.1 at 2009-10-24 09:55:48) [GET]
Rendering pages/index
Completed in 4ms (View: 2, DB: 0) | 200 OK [http://localhost/]


Processing PagesController#index (for 127.0.0.1 at 2009-10-24 09:58:42) [GET]
Rendering pages/index
Completed in 7ms (View: 6, DB: 0) | 200 OK [http://localhost/]


Processing PagesController#index (for 127.0.0.1 at 2009-10-24 09:58:43) [GET]
Rendering pages/index
Completed in 3ms (View: 2, DB: 0) | 200 OK [http://localhost/]


Processing PagesController#index (for 127.0.0.1 at 2009-10-24 10:02:43) [GET]
Rendering pages/index
Completed in 10ms (View: 8, DB: 0) | 200 OK [http://localhost/]


Processing PagesController#remote (for 127.0.0.1 at 2009-10-24 10:02:46) [POST]
  Parameters: {"authenticity_token"=>"Fm2hp0V7TX6qCkUPEaI/4Z6JoIFsiGwLjSKI5w5kFGM="}
Rendering pages/remote
Completed in 2ms (View: 1, DB: 0) | 200 OK [http://localhost/pages/remote]


Processing PagesController#index (for 127.0.0.1 at 2009-10-24 10:04:57) [GET]
Rendering pages/index
Completed in 5ms (View: 4, DB: 0) | 200 OK [http://localhost/]


Processing PagesController#remote (for 127.0.0.1 at 2009-10-24 10:04:59) [POST]
  Parameters: {"authenticity_token"=>"Fm2hp0V7TX6qCkUPEaI/4Z6JoIFsiGwLjSKI5w5kFGM="}

NoMethodError (undefined method `secounds' for 2:Fixnum):
  app/controllers/pages_controller.rb:6:in `remote'

Rendered rescues/_trace (110.2ms)
Rendered rescues/_request_and_response (1.2ms)
Rendering rescues/layout (internal_server_error)


Processing PagesController#index (for 127.0.0.1 at 2009-10-24 10:05:08) [GET]
Rendering pages/index
Completed in 5ms (View: 4, DB: 0) | 200 OK [http://localhost/]


Processing PagesController#remote (for 127.0.0.1 at 2009-10-24 10:05:10) [POST]
  Parameters: {"authenticity_token"=>"Fm2hp0V7TX6qCkUPEaI/4Z6JoIFsiGwLjSKI5w5kFGM="}

TypeError (can't convert ActiveSupport::Duration into time interval):
  app/controllers/pages_controller.rb:6:in `sleep'
  app/controllers/pages_controller.rb:6:in `remote'

Rendered rescues/_trace (39.1ms)
Rendered rescues/_request_and_response (0.3ms)
Rendering rescues/layout (internal_server_error)


Processing PagesController#remote (for 127.0.0.1 at 2009-10-24 10:10:51) [POST]
  Parameters: {"authenticity_token"=>"Fm2hp0V7TX6qCkUPEaI/4Z6JoIFsiGwLjSKI5w5kFGM="}

Mongrel::TimeoutError (Mongrel timed out this thread: shutdown):
  

Rendered rescues/_trace (119.6ms)
Rendered rescues/_request_and_response (0.3ms)
Rendering rescues/layout (internal_server_error)


Processing PagesController#index (for 127.0.0.1 at 2009-10-24 10:12:06) [GET]
Rendering pages/index
Completed in 6ms (View: 4, DB: 0) | 200 OK [http://localhost/]


Processing PagesController#index (for 127.0.0.1 at 2009-10-24 10:12:06) [GET]
Rendering pages/index
Completed in 6ms (View: 4, DB: 0) | 200 OK [http://localhost/]


Processing PagesController#remote (for 127.0.0.1 at 2009-10-24 10:12:06) [POST]
  Parameters: {"authenticity_token"=>"Fm2hp0V7TX6qCkUPEaI/4Z6JoIFsiGwLjSKI5w5kFGM="}
Rendering pages/remote
Completed in 2004ms (View: 1, DB: 0) | 200 OK [http://localhost/pages/remote]


Processing PagesController#index (for 127.0.0.1 at 2009-10-24 10:12:08) [GET]
Rendering pages/index
Completed in 6ms (View: 4, DB: 0) | 200 OK [http://localhost/]


Processing PagesController#index (for 127.0.0.1 at 2009-10-24 10:12:08) [GET]
Rendering pages/index
Completed in 13ms (View: 10, DB: 0) | 200 OK [http://localhost/]


Processing PagesController#index (for 127.0.0.1 at 2009-10-24 10:12:28) [GET]
Rendering pages/index
Completed in 23ms (View: 22, DB: 0) | 200 OK [http://localhost/]


Processing PagesController#index (for 127.0.0.1 at 2009-10-24 10:12:30) [GET]
Rendering pages/index
Completed in 64ms (View: 63, DB: 0) | 200 OK [http://localhost/]


Processing PagesController#remote (for 127.0.0.1 at 2009-10-24 10:12:31) [POST]
  Parameters: {"authenticity_token"=>"Fm2hp0V7TX6qCkUPEaI/4Z6JoIFsiGwLjSKI5w5kFGM="}
Rendering pages/remote
Completed in 2007ms (View: 5, DB: 0) | 200 OK [http://localhost/pages/remote]


Processing PagesController#index (for 127.0.0.1 at 2009-10-24 10:12:36) [GET]
Rendering pages/index
Completed in 5ms (View: 4, DB: 0) | 200 OK [http://localhost/]


Processing PagesController#remote (for 127.0.0.1 at 2009-10-24 10:12:37) [POST]
  Parameters: {"authenticity_token"=>"Fm2hp0V7TX6qCkUPEaI/4Z6JoIFsiGwLjSKI5w5kFGM="}
Rendering pages/remote
Completed in 2003ms (View: 1, DB: 0) | 200 OK [http://localhost/pages/remote]


Processing PagesController#index (for 127.0.0.1 at 2009-10-24 10:12:43) [GET]
Rendering pages/index
Completed in 5ms (View: 4, DB: 0) | 200 OK [http://localhost/]


Processing PagesController#index (for 127.0.0.1 at 2009-10-24 10:13:59) [GET]
Rendering pages/index
Completed in 10ms (View: 8, DB: 0) | 200 OK [http://localhost/]


Processing PagesController#index (for 127.0.0.1 at 2009-10-24 10:14:38) [GET]
Rendering pages/index
Completed in 10ms (View: 8, DB: 0) | 200 OK [http://localhost/]


Processing PagesController#remote (for 127.0.0.1 at 2009-10-24 10:14:39) [POST]
  Parameters: {"authenticity_token"=>"Fm2hp0V7TX6qCkUPEaI/4Z6JoIFsiGwLjSKI5w5kFGM="}
Rendering pages/remote
Completed in 2003ms (View: 1, DB: 0) | 200 OK [http://localhost/pages/remote]


Processing PagesController#index (for 127.0.0.1 at 2009-10-24 10:14:43) [GET]
Rendering pages/index
Completed in 6ms (View: 4, DB: 0) | 200 OK [http://localhost/]


Processing PagesController#remote (for 127.0.0.1 at 2009-10-24 10:14:45) [POST]
  Parameters: {"authenticity_token"=>"Fm2hp0V7TX6qCkUPEaI/4Z6JoIFsiGwLjSKI5w5kFGM="}
Rendering pages/remote
Completed in 2003ms (View: 1, DB: 0) | 200 OK [http://localhost/pages/remote]


Processing PagesController#remote (for 127.0.0.1 at 2009-10-24 10:14:47) [POST]
  Parameters: {"authenticity_token"=>"Fm2hp0V7TX6qCkUPEaI/4Z6JoIFsiGwLjSKI5w5kFGM="}
Rendering pages/remote
Completed in 2003ms (View: 1, DB: 0) | 200 OK [http://localhost/pages/remote]


Processing PagesController#index (for 127.0.0.1 at 2009-10-24 10:16:44) [GET]
Rendering pages/index
Completed in 10ms (View: 8, DB: 0) | 200 OK [http://localhost/]


Processing PagesController#remote (for 127.0.0.1 at 2009-10-24 10:16:46) [POST]
  Parameters: {"authenticity_token"=>"Fm2hp0V7TX6qCkUPEaI/4Z6JoIFsiGwLjSKI5w5kFGM="}
Rendering pages/remote
Completed in 2003ms (View: 1, DB: 0) | 200 OK [http://localhost/pages/remote]


Processing PagesController#index (for 127.0.0.1 at 2009-10-24 10:16:50) [GET]
Rendering pages/index
Completed in 6ms (View: 4, DB: 0) | 200 OK [http://localhost/]


Processing PagesController#remote (for 127.0.0.1 at 2009-10-24 10:16:52) [POST]
  Parameters: {"authenticity_token"=>"Fm2hp0V7TX6qCkUPEaI/4Z6JoIFsiGwLjSKI5w5kFGM="}
Rendering pages/remote
Completed in 2003ms (View: 1, DB: 0) | 200 OK [http://localhost/pages/remote]


Processing PagesController#index (for 127.0.0.1 at 2009-10-24 10:16:58) [GET]
Rendering pages/index
Completed in 6ms (View: 5, DB: 0) | 200 OK [http://localhost/]


Processing PagesController#remote (for 127.0.0.1 at 2009-10-24 10:17:00) [POST]
  Parameters: {"authenticity_token"=>"Fm2hp0V7TX6qCkUPEaI/4Z6JoIFsiGwLjSKI5w5kFGM="}
Rendering pages/remote
Completed in 2003ms (View: 1, DB: 0) | 200 OK [http://localhost/pages/remote]


Processing PagesController#index (for 127.0.0.1 at 2009-10-24 10:17:08) [GET]
Rendering pages/index
Completed in 6ms (View: 5, DB: 0) | 200 OK [http://localhost/]


Processing PagesController#remote (for 127.0.0.1 at 2009-10-24 10:17:10) [POST]
  Parameters: {"authenticity_token"=>"Fm2hp0V7TX6qCkUPEaI/4Z6JoIFsiGwLjSKI5w5kFGM="}
Rendering pages/remote
Completed in 2003ms (View: 1, DB: 0) | 200 OK [http://localhost/pages/remote]


Processing PagesController#remote (for 127.0.0.1 at 2009-10-24 10:17:50) [POST]
  Parameters: {"authenticity_token"=>"Fm2hp0V7TX6qCkUPEaI/4Z6JoIFsiGwLjSKI5w5kFGM="}
Rendering pages/remote
Completed in 2003ms (View: 1, DB: 0) | 200 OK [http://localhost/pages/remote]


Processing PagesController#remote (for 127.0.0.1 at 2009-10-24 10:17:54) [POST]
  Parameters: {"authenticity_token"=>"Fm2hp0V7TX6qCkUPEaI/4Z6JoIFsiGwLjSKI5w5kFGM="}
Rendering pages/remote
Completed in 2003ms (View: 1, DB: 0) | 200 OK [http://localhost/pages/remote]


Processing PagesController#index (for 127.0.0.1 at 2009-10-24 18:21:45) [GET]
Rendering pages/index
Completed in 63ms (View: 61, DB: 0) | 200 OK [http://localhost/]


Processing PagesController#remote (for 127.0.0.1 at 2009-10-24 18:22:06) [POST]
  Parameters: {"authenticity_token"=>"CckX4mkORviVhkX4Wna7daQXLhO8G2eUZugK9EUtY10="}
Rendering pages/remote
Completed in 2008ms (View: 6, DB: 0) | 200 OK [http://localhost/pages/remote]
